mode: set
gitlab.com/biso-ermakovkirill/practice3/internal/calculator/calculator.go:14.52,19.2 1 1
gitlab.com/biso-ermakovkirill/practice3/internal/calculator/calculator.go:22.78,25.16 2 1
gitlab.com/biso-ermakovkirill/practice3/internal/calculator/calculator.go:25.16,27.3 1 1
gitlab.com/biso-ermakovkirill/practice3/internal/calculator/calculator.go:30.2,30.21 1 1
gitlab.com/biso-ermakovkirill/practice3/internal/calculator/calculator.go:30.21,32.3 1 1
gitlab.com/biso-ermakovkirill/practice3/internal/calculator/calculator.go:35.2,35.25 1 1
gitlab.com/biso-ermakovkirill/practice3/internal/calculator/calculator.go:39.53,41.2 1 0
gitlab.com/biso-ermakovkirill/practice3/internal/calculator/calculator.go:44.56,46.2 1 1
gitlab.com/biso-ermakovkirill/practice3/cmd/app/main.go:11.13,20.22 2 0
gitlab.com/biso-ermakovkirill/practice3/cmd/app/main.go:20.22,29.3 8 0
gitlab.com/biso-ermakovkirill/practice3/cmd/app/main.go:31.2,33.32 2 0
gitlab.com/biso-ermakovkirill/practice3/cmd/app/main.go:33.32,36.3 2 0
gitlab.com/biso-ermakovkirill/practice3/cmd/app/main.go:38.2,38.15 1 0
gitlab.com/biso-ermakovkirill/practice3/cmd/app/main.go:38.15,42.3 3 0
gitlab.com/biso-ermakovkirill/practice3/cmd/app/main.go:44.2,47.16 3 0
gitlab.com/biso-ermakovkirill/practice3/cmd/app/main.go:47.16,50.3 2 0
gitlab.com/biso-ermakovkirill/practice3/cmd/app/main.go:52.2,52.78 1 0
gitlab.com/biso-ermakovkirill/practice3/internal/patterns/decorator_logging.go:14.65,16.2 1 1
gitlab.com/biso-ermakovkirill/practice3/internal/patterns/decorator_logging.go:18.67,23.16 3 1
gitlab.com/biso-ermakovkirill/practice3/internal/patterns/decorator_logging.go:23.16,25.3 1 1
gitlab.com/biso-ermakovkirill/practice3/internal/patterns/decorator_logging.go:25.8,27.3 1 1
gitlab.com/biso-ermakovkirill/practice3/internal/patterns/decorator_logging.go:29.2,29.20 1 1
gitlab.com/biso-ermakovkirill/practice3/internal/patterns/decorator_logging.go:32.45,34.2 1 1
gitlab.com/biso-ermakovkirill/practice3/internal/patterns/factory.go:25.42,31.2 3 1
gitlab.com/biso-ermakovkirill/practice3/internal/patterns/factory.go:33.54,39.2 5 1
gitlab.com/biso-ermakovkirill/practice3/internal/patterns/factory.go:41.83,43.2 1 1
gitlab.com/biso-ermakovkirill/practice3/internal/patterns/factory.go:45.81,47.13 2 1
gitlab.com/biso-ermakovkirill/practice3/internal/patterns/factory.go:47.13,49.3 1 1
gitlab.com/biso-ermakovkirill/practice3/internal/patterns/factory.go:50.2,50.30 1 1
gitlab.com/biso-ermakovkirill/practice3/internal/patterns/factory.go:55.48,55.73 1 1
gitlab.com/biso-ermakovkirill/practice3/internal/patterns/factory.go:58.48,58.73 1 1
gitlab.com/biso-ermakovkirill/practice3/internal/patterns/factory.go:61.48,61.73 1 1
gitlab.com/biso-ermakovkirill/practice3/internal/patterns/factory.go:64.48,64.73 1 1
gitlab.com/biso-ermakovkirill/practice3/internal/patterns/factory.go:67.48,67.73 1 1
gitlab.com/biso-ermakovkirill/practice3/internal/patterns/strategy_add.go:7.62,9.2 1 1
gitlab.com/biso-ermakovkirill/practice3/internal/patterns/strategy_add.go:11.40,13.2 1 1
gitlab.com/biso-ermakovkirill/practice3/internal/patterns/strategy_div.go:10.62,11.12 1 1
gitlab.com/biso-ermakovkirill/practice3/internal/patterns/strategy_div.go:11.12,13.3 1 1
gitlab.com/biso-ermakovkirill/practice3/internal/patterns/strategy_div.go:14.2,14.19 1 1
gitlab.com/biso-ermakovkirill/practice3/internal/patterns/strategy_div.go:17.40,19.2 1 1
gitlab.com/biso-ermakovkirill/practice3/internal/patterns/strategy_mul.go:7.62,9.2 1 0
gitlab.com/biso-ermakovkirill/practice3/internal/patterns/strategy_mul.go:11.40,13.2 1 0
gitlab.com/biso-ermakovkirill/practice3/internal/patterns/strategy_pow.go:10.62,12.2 1 1
gitlab.com/biso-ermakovkirill/practice3/internal/patterns/strategy_pow.go:14.40,16.2 1 0
gitlab.com/biso-ermakovkirill/practice3/internal/patterns/strategy_sub.go:7.62,9.2 1 1
gitlab.com/biso-ermakovkirill/practice3/internal/patterns/strategy_sub.go:11.40,13.2 1 0
